<?xml version="1.0" encoding="UTF-8"?>
<robot generator="Robot 3.2.2 (Python 3.8.5 on win32)" generated="20210116 11:37:11.477" rpa="false">
<suite id="s1" name="TestCases" source="C:\Users\user\Desktop\Moolya Assignment\Assignment 13.0\Assignment_13.1\TestsBook\TestCases.robot">
<test id="s1-t1" name="User should be able to Land on Flipkart Website">
<kw name="Open Flipkart Website" library="testSteps">
<kw name="Open Browser" library="SeleniumLibrary">
<doc>Opens a new browser instance to the optional ``url``.</doc>
<arguments>
<arg>${url_books}</arg>
<arg>${brows}</arg>
</arguments>
<msg timestamp="20210116 11:37:11.811" level="INFO">Opening browser 'gc' to base url 'https://www.flipkart.com/'.</msg>
<status status="PASS" starttime="20210116 11:37:11.811" endtime="20210116 11:37:19.632"></status>
</kw>
<kw name="Maximize Browser Window" library="SeleniumLibrary">
<doc>Maximizes current browser window.</doc>
<status status="PASS" starttime="20210116 11:37:19.632" endtime="20210116 11:37:21.792"></status>
</kw>
<kw name="Sleep" library="BuiltIn">
<doc>Pauses the test executed for the given time.</doc>
<arguments>
<arg>4s</arg>
</arguments>
<msg timestamp="20210116 11:37:25.799" level="INFO">Slept 4 seconds</msg>
<status status="PASS" starttime="20210116 11:37:21.792" endtime="20210116 11:37:25.799"></status>
</kw>
<kw name="Log To Console" library="BuiltIn">
<doc>Logs the given message to the console.</doc>
<arguments>
<arg>Step1</arg>
</arguments>
<status status="PASS" starttime="20210116 11:37:25.799" endtime="20210116 11:37:25.799"></status>
</kw>
<status status="PASS" starttime="20210116 11:37:11.811" endtime="20210116 11:37:25.801"></status>
</kw>
<kw name="Login-Add User Details" library="testSteps">
<kw name="Set Variable" library="BuiltIn">
<doc>Returns the given values which can then be assigned to a variables.</doc>
<arguments>
<arg>xpath=//input[@class='_2IX_2- VJZDxU']</arg>
</arguments>
<assign>
<var>${Enter_Mobile_Number}</var>
</assign>
<msg timestamp="20210116 11:37:25.801" level="INFO">${Enter_Mobile_Number} = xpath=//input[@class='_2IX_2- VJZDxU']</msg>
<status status="PASS" starttime="20210116 11:37:25.801" endtime="20210116 11:37:25.801"></status>
</kw>
<kw name="Input Text" library="SeleniumLibrary">
<doc>Types the given ``text`` into the text field identified by ``locator``.</doc>
<arguments>
<arg>${Enter_Mobile_Number}</arg>
<arg>${Mobile_Number}</arg>
</arguments>
<msg timestamp="20210116 11:37:25.801" level="INFO">Typing text '7792006067' into text field 'xpath=//input[@class='_2IX_2- VJZDxU']'.</msg>
<status status="PASS" starttime="20210116 11:37:25.801" endtime="20210116 11:37:25.963"></status>
</kw>
<kw name="Set Variable" library="BuiltIn">
<doc>Returns the given values which can then be assigned to a variables.</doc>
<arguments>
<arg>xpath=//input[@type='password']</arg>
</arguments>
<assign>
<var>${Enter_Password}</var>
</assign>
<msg timestamp="20210116 11:37:25.963" level="INFO">${Enter_Password} = xpath=//input[@type='password']</msg>
<status status="PASS" starttime="20210116 11:37:25.963" endtime="20210116 11:37:25.963"></status>
</kw>
<kw name="Input Text" library="SeleniumLibrary">
<doc>Types the given ``text`` into the text field identified by ``locator``.</doc>
<arguments>
<arg>${Enter_Password}</arg>
<arg>${Password}</arg>
</arguments>
<msg timestamp="20210116 11:37:25.963" level="INFO">Typing text 'Flipkart@3997' into text field 'xpath=//input[@type='password']'.</msg>
<status status="PASS" starttime="20210116 11:37:25.963" endtime="20210116 11:37:26.163"></status>
</kw>
<kw name="Click Element" library="SeleniumLibrary">
<doc>Click the element identified by ``locator``.</doc>
<arguments>
<arg>xpath=//div[@class='_1D1L_j']/button</arg>
</arguments>
<msg timestamp="20210116 11:37:26.163" level="INFO">Clicking element 'xpath=//div[@class='_1D1L_j']/button'.</msg>
<status status="PASS" starttime="20210116 11:37:26.163" endtime="20210116 11:37:26.283"></status>
</kw>
<kw name="Log To Console" library="BuiltIn">
<doc>Logs the given message to the console.</doc>
<arguments>
<arg>Step2</arg>
</arguments>
<status status="PASS" starttime="20210116 11:37:26.283" endtime="20210116 11:37:26.283"></status>
</kw>
<status status="PASS" starttime="20210116 11:37:25.801" endtime="20210116 11:37:26.283"></status>
</kw>
<kw name="Navigate To Flipkart and Select &quot;Electronics&quot;" library="testSteps">
<kw name="Get Element Count" library="SeleniumLibrary">
<doc>Returns the number of elements matching ``locator``.</doc>
<arguments>
<arg>xpath=//div[@class='_1kidPb']/span</arg>
</arguments>
<assign>
<var>${Total_Category}</var>
</assign>
<msg timestamp="20210116 11:37:26.380" level="INFO">${Total_Category} = 7</msg>
<status status="PASS" starttime="20210116 11:37:26.288" endtime="20210116 11:37:26.380"></status>
</kw>
<kw name="Sleep" library="BuiltIn">
<doc>Pauses the test executed for the given time.</doc>
<arguments>
<arg>3s</arg>
</arguments>
<msg timestamp="20210116 11:37:29.385" level="INFO">Slept 3 seconds</msg>
<status status="PASS" starttime="20210116 11:37:26.384" endtime="20210116 11:37:29.385"></status>
</kw>
<kw name="${i} IN RANGE [ 1 | ${Total_Category} ]" type="for">
<kw name="${i} = 1" type="foritem">
<kw name="Get Text" library="SeleniumLibrary">
<doc>Returns the text value of the element identified by ``locator``.</doc>
<arguments>
<arg>xpath=//div[@class='_1kidPb']/span[${i}]</arg>
</arguments>
<assign>
<var>${Category_Name_Dynamic}</var>
</assign>
<msg timestamp="20210116 11:37:29.449" level="INFO">${Category_Name_Dynamic} = Electronics</msg>
<status status="PASS" starttime="20210116 11:37:29.385" endtime="20210116 11:37:29.449"></status>
</kw>
<kw name="Exit For Loop If" library="BuiltIn">
<doc>Stops executing the enclosing for loop if the ``condition`` is true.</doc>
<arguments>
<arg>"${Category_Name_Dynamic}" == "${Category_Type}"</arg>
</arguments>
<msg timestamp="20210116 11:37:29.449" level="INFO">Exiting for loop altogether.</msg>
<status status="PASS" starttime="20210116 11:37:29.449" endtime="20210116 11:37:29.449"></status>
</kw>
<status status="PASS" starttime="20210116 11:37:29.385" endtime="20210116 11:37:29.449"></status>
</kw>
<status status="PASS" starttime="20210116 11:37:29.385" endtime="20210116 11:37:29.449"></status>
</kw>
<kw name="Set Test Variable" library="BuiltIn">
<doc>Makes a variable available everywhere within the scope of the current test.</doc>
<arguments>
<arg>${Category_Name_Static}</arg>
<arg>xpath=//div[@class='_1kidPb']/span[${i}]</arg>
</arguments>
<msg timestamp="20210116 11:37:29.449" level="INFO">${Category_Name_Static} = xpath=//div[@class='_1kidPb']/span[1]</msg>
<status status="PASS" starttime="20210116 11:37:29.449" endtime="20210116 11:37:29.449"></status>
</kw>
<kw name="Mouse Over" library="SeleniumLibrary">
<doc>Simulates hovering the mouse over the element ``locator``.</doc>
<arguments>
<arg>${Category_Name_Static}</arg>
</arguments>
<msg timestamp="20210116 11:37:29.449" level="INFO">Simulating Mouse Over on element 'xpath=//div[@class='_1kidPb']/span[1]'.</msg>
<status status="PASS" starttime="20210116 11:37:29.449" endtime="20210116 11:37:29.750"></status>
</kw>
<kw name="Sleep" library="BuiltIn">
<doc>Pauses the test executed for the given time.</doc>
<arguments>
<arg>5s</arg>
</arguments>
<msg timestamp="20210116 11:37:34.751" level="INFO">Slept 5 seconds</msg>
<status status="PASS" starttime="20210116 11:37:29.750" endtime="20210116 11:37:34.751"></status>
</kw>
<kw name="Log To Console" library="BuiltIn">
<doc>Logs the given message to the console.</doc>
<arguments>
<arg>Step3</arg>
</arguments>
<status status="PASS" starttime="20210116 11:37:34.751" endtime="20210116 11:37:34.751"></status>
</kw>
<status status="PASS" starttime="20210116 11:37:26.288" endtime="20210116 11:37:34.751"></status>
</kw>
<kw name="Search for &quot;Televisions&quot; in the List" library="testSteps">
<kw name="Get Element Count" library="SeleniumLibrary">
<doc>Returns the number of elements matching ``locator``.</doc>
<arguments>
<arg>xpath=//div[@class='_1fwVde'][4]/a</arg>
</arguments>
<assign>
<var>${Category_List}</var>
</assign>
<msg timestamp="20210116 11:37:34.802" level="INFO">${Category_List} = 18</msg>
<status status="PASS" starttime="20210116 11:37:34.756" endtime="20210116 11:37:34.802"></status>
</kw>
<kw name="${j} IN RANGE [ 1 | ${Category_List} ]" type="for">
<kw name="${j} = 1" type="foritem">
<kw name="Get Text" library="SeleniumLibrary">
<doc>Returns the text value of the element identified by ``locator``.</doc>
<arguments>
<arg>xpath=//div[@class='_1fwVde'][4]/a[${j}]</arg>
</arguments>
<assign>
<var>${Category_Names}</var>
</assign>
<msg timestamp="20210116 11:37:34.833" level="INFO">${Category_Names} = Televisions</msg>
<status status="PASS" starttime="20210116 11:37:34.802" endtime="20210116 11:37:34.833"></status>
</kw>
<kw name="Exit For Loop If" library="BuiltIn">
<doc>Stops executing the enclosing for loop if the ``condition`` is true.</doc>
<arguments>
<arg>"${Category_Names}" == "${Device_Category}"</arg>
</arguments>
<msg timestamp="20210116 11:37:34.833" level="INFO">Exiting for loop altogether.</msg>
<status status="PASS" starttime="20210116 11:37:34.833" endtime="20210116 11:37:34.833"></status>
</kw>
<status status="PASS" starttime="20210116 11:37:34.802" endtime="20210116 11:37:34.833"></status>
</kw>
<status status="PASS" starttime="20210116 11:37:34.802" endtime="20210116 11:37:34.833"></status>
</kw>
<kw name="Set Test Variable" library="BuiltIn">
<doc>Makes a variable available everywhere within the scope of the current test.</doc>
<arguments>
<arg>${exact_buk_elem}</arg>
<arg>xpath=//div[@class='_1fwVde'][4]/a[${j}]</arg>
</arguments>
<msg timestamp="20210116 11:37:34.837" level="INFO">${exact_buk_elem} = xpath=//div[@class='_1fwVde'][4]/a[1]</msg>
<status status="PASS" starttime="20210116 11:37:34.837" endtime="20210116 11:37:34.837"></status>
</kw>
<kw name="Click Element" library="SeleniumLibrary">
<doc>Click the element identified by ``locator``.</doc>
<arguments>
<arg>${exact_buk_elem}</arg>
</arguments>
<msg timestamp="20210116 11:37:34.837" level="INFO">Clicking element 'xpath=//div[@class='_1fwVde'][4]/a[1]'.</msg>
<status status="PASS" starttime="20210116 11:37:34.837" endtime="20210116 11:37:34.915"></status>
</kw>
<kw name="Sleep" library="BuiltIn">
<doc>Pauses the test executed for the given time.</doc>
<arguments>
<arg>3s</arg>
</arguments>
<msg timestamp="20210116 11:37:37.915" level="INFO">Slept 3 seconds</msg>
<status status="PASS" starttime="20210116 11:37:34.915" endtime="20210116 11:37:37.915"></status>
</kw>
<kw name="Click Element" library="SeleniumLibrary">
<doc>Click the element identified by ``locator``.</doc>
<arguments>
<arg>xpath=//*[@Class='E2-pcE _1q8tSL col-10-12']/div[2]/div/div/div/a</arg>
</arguments>
<msg timestamp="20210116 11:37:37.915" level="INFO">Clicking element 'xpath=//*[@Class='E2-pcE _1q8tSL col-10-12']/div[2]/div/div/div/a'.</msg>
<status status="PASS" starttime="20210116 11:37:37.915" endtime="20210116 11:37:38.086"></status>
</kw>
<kw name="Log To Console" library="BuiltIn">
<doc>Logs the given message to the console.</doc>
<arguments>
<arg>Step4</arg>
</arguments>
<status status="PASS" starttime="20210116 11:37:38.086" endtime="20210116 11:37:38.086"></status>
</kw>
<status status="PASS" starttime="20210116 11:37:34.756" endtime="20210116 11:37:38.086"></status>
</kw>
<status status="PASS" starttime="20210116 11:37:11.811" endtime="20210116 11:37:38.088" critical="yes"></status>
</test>
<test id="s1-t2" name="User Should be able to select a particular product">
<kw name="Selecting The Product" library="testSteps">
<kw name="Sleep" library="BuiltIn">
<doc>Pauses the test executed for the given time.</doc>
<arguments>
<arg>3s</arg>
</arguments>
<msg timestamp="20210116 11:37:41.093" level="INFO">Slept 3 seconds</msg>
<status status="PASS" starttime="20210116 11:37:38.092" endtime="20210116 11:37:41.093"></status>
</kw>
<kw name="Get Element Count" library="SeleniumLibrary">
<doc>Returns the number of elements matching ``locator``.</doc>
<arguments>
<arg>xpath=//div[@class='E2-pcE _1q8tSL']/div</arg>
</arguments>
<assign>
<var>${Product_Count}</var>
</assign>
<msg timestamp="20210116 11:37:41.108" level="INFO">${Product_Count} = 27</msg>
<status status="PASS" starttime="20210116 11:37:41.093" endtime="20210116 11:37:41.108"></status>
</kw>
<kw name="Sleep" library="BuiltIn">
<doc>Pauses the test executed for the given time.</doc>
<arguments>
<arg>4s</arg>
</arguments>
<msg timestamp="20210116 11:37:45.111" level="INFO">Slept 4 seconds</msg>
<status status="PASS" starttime="20210116 11:37:41.108" endtime="20210116 11:37:45.111"></status>
</kw>
<kw name="${x} IN RANGE [ 2 | ${Product_Count} ]" type="for">
<kw name="${x} = 2" type="foritem">
<kw name="Get Text" library="SeleniumLibrary">
<doc>Returns the text value of the element identified by ``locator``.</doc>
<arguments>
<arg>xpath=//div[@class='E2-pcE _1q8tSL']/div[${x}]/div/div/div/a/div[2]/div[1]/div[1]</arg>
</arguments>
<assign>
<var>${Dynamic_Product_Name}</var>
</assign>
<msg timestamp="20210116 11:37:45.158" level="INFO">${Dynamic_Product_Name} = </msg>
<status status="PASS" starttime="20210116 11:37:45.111" endtime="20210116 11:37:45.158"></status>
</kw>
<kw name="Exit For Loop If" library="BuiltIn">
<doc>Stops executing the enclosing for loop if the ``condition`` is true.</doc>
<arguments>
<arg>"${Dynamic_Product_Name}" == "${Product_Name}"</arg>
</arguments>
<status status="PASS" starttime="20210116 11:37:45.158" endtime="20210116 11:37:45.158"></status>
</kw>
<status status="PASS" starttime="20210116 11:37:45.111" endtime="20210116 11:37:45.158"></status>
</kw>
<kw name="${x} = 3" type="foritem">
<kw name="Get Text" library="SeleniumLibrary">
<doc>Returns the text value of the element identified by ``locator``.</doc>
<arguments>
<arg>xpath=//div[@class='E2-pcE _1q8tSL']/div[${x}]/div/div/div/a/div[2]/div[1]/div[1]</arg>
</arguments>
<assign>
<var>${Dynamic_Product_Name}</var>
</assign>
<msg timestamp="20210116 11:37:45.206" level="INFO">${Dynamic_Product_Name} = Samsung 80 cm (32 inch) HD Ready LED Smart TV 2020 Edition</msg>
<status status="PASS" starttime="20210116 11:37:45.158" endtime="20210116 11:37:45.206"></status>
</kw>
<kw name="Exit For Loop If" library="BuiltIn">
<doc>Stops executing the enclosing for loop if the ``condition`` is true.</doc>
<arguments>
<arg>"${Dynamic_Product_Name}" == "${Product_Name}"</arg>
</arguments>
<status status="PASS" starttime="20210116 11:37:45.206" endtime="20210116 11:37:45.206"></status>
</kw>
<status status="PASS" starttime="20210116 11:37:45.158" endtime="20210116 11:37:45.206"></status>
</kw>
<kw name="${x} = 4" type="foritem">
<kw name="Get Text" library="SeleniumLibrary">
<doc>Returns the text value of the element identified by ``locator``.</doc>
<arguments>
<arg>xpath=//div[@class='E2-pcE _1q8tSL']/div[${x}]/div/div/div/a/div[2]/div[1]/div[1]</arg>
</arguments>
<assign>
<var>${Dynamic_Product_Name}</var>
</assign>
<msg timestamp="20210116 11:37:45.239" level="INFO">${Dynamic_Product_Name} = Realme 80 cm (32 inch) HD Ready LED Smart Android TV</msg>
<status status="PASS" starttime="20210116 11:37:45.206" endtime="20210116 11:37:45.239"></status>
</kw>
<kw name="Exit For Loop If" library="BuiltIn">
<doc>Stops executing the enclosing for loop if the ``condition`` is true.</doc>
<arguments>
<arg>"${Dynamic_Product_Name}" == "${Product_Name}"</arg>
</arguments>
<msg timestamp="20210116 11:37:45.239" level="INFO">Exiting for loop altogether.</msg>
<status status="PASS" starttime="20210116 11:37:45.239" endtime="20210116 11:37:45.239"></status>
</kw>
<status status="PASS" starttime="20210116 11:37:45.206" endtime="20210116 11:37:45.239"></status>
</kw>
<status status="PASS" starttime="20210116 11:37:45.111" endtime="20210116 11:37:45.239"></status>
</kw>
<kw name="Click Element" library="SeleniumLibrary">
<doc>Click the element identified by ``locator``.</doc>
<arguments>
<arg>xpath=//div[@class='E2-pcE _1q8tSL']/div[${x}]/div/div/div/a/div[2]/div[1]/div[1]</arg>
</arguments>
<msg timestamp="20210116 11:37:45.239" level="INFO">Clicking element 'xpath=//div[@class='E2-pcE _1q8tSL']/div[4]/div/div/div/a/div[2]/div[1]/div[1]'.</msg>
<status status="PASS" starttime="20210116 11:37:45.239" endtime="20210116 11:37:45.380"></status>
</kw>
<kw name="Log To Console" library="BuiltIn">
<doc>Logs the given message to the console.</doc>
<arguments>
<arg>Step5</arg>
</arguments>
<status status="PASS" starttime="20210116 11:37:45.380" endtime="20210116 11:37:45.380"></status>
</kw>
<status status="PASS" starttime="20210116 11:37:38.092" endtime="20210116 11:37:45.387"></status>
</kw>
<kw name="Verify Product Page Title" library="testSteps">
<kw name="Select Window" library="SeleniumLibrary">
<doc>DEPRECATED in SeleniumLibrary 4.0. , use `Switch Window` instead.</doc>
<arguments>
<arg>${Product_Page_Title}</arg>
</arguments>
<status status="PASS" starttime="20210116 11:37:45.387" endtime="20210116 11:37:47.795"></status>
</kw>
<kw name="Verify WebPage title" library="testSteps">
<arguments>
<arg>${Product_Page_Title}</arg>
</arguments>
<kw name="Wait Until Page Contains" library="SeleniumLibrary">
<doc>Waits until ``text`` appears on the current page.</doc>
<arguments>
<arg>${title_name}</arg>
</arguments>
<status status="PASS" starttime="20210116 11:37:47.795" endtime="20210116 11:37:47.819"></status>
</kw>
<kw name="Log To Console" library="BuiltIn">
<doc>Logs the given message to the console.</doc>
<arguments>
<arg>${title_name}</arg>
</arguments>
<status status="PASS" starttime="20210116 11:37:47.819" endtime="20210116 11:37:47.819"></status>
</kw>
<status status="PASS" starttime="20210116 11:37:47.795" endtime="20210116 11:37:47.825"></status>
</kw>
<kw name="Log To Console" library="BuiltIn">
<doc>Logs the given message to the console.</doc>
<arguments>
<arg>Step6</arg>
</arguments>
<status status="PASS" starttime="20210116 11:37:47.825" endtime="20210116 11:37:47.853"></status>
</kw>
<status status="PASS" starttime="20210116 11:37:45.387" endtime="20210116 11:37:47.853"></status>
</kw>
<kw name="Click On Add To Cart Button" library="testSteps">
<kw name="Click Element" library="SeleniumLibrary">
<doc>Click the element identified by ``locator``.</doc>
<arguments>
<arg>xpath=//div[@class='_1p3MFP dTTu2M']/ul/li/button</arg>
</arguments>
<msg timestamp="20210116 11:37:47.857" level="INFO">Clicking element 'xpath=//div[@class='_1p3MFP dTTu2M']/ul/li/button'.</msg>
<status status="PASS" starttime="20210116 11:37:47.857" endtime="20210116 11:37:47.937"></status>
</kw>
<kw name="Sleep" library="BuiltIn">
<doc>Pauses the test executed for the given time.</doc>
<arguments>
<arg>5s</arg>
</arguments>
<msg timestamp="20210116 11:37:52.948" level="INFO">Slept 5 seconds</msg>
<status status="PASS" starttime="20210116 11:37:47.937" endtime="20210116 11:37:52.948"></status>
</kw>
<kw name="Log To Console" library="BuiltIn">
<doc>Logs the given message to the console.</doc>
<arguments>
<arg>Step7</arg>
</arguments>
<status status="PASS" starttime="20210116 11:37:52.948" endtime="20210116 11:37:52.948"></status>
</kw>
<status status="PASS" starttime="20210116 11:37:47.853" endtime="20210116 11:37:52.953"></status>
</kw>
<status status="PASS" starttime="20210116 11:37:38.088" endtime="20210116 11:37:52.953" critical="yes"></status>
</test>
<test id="s1-t3" name="verify the added item present in the cart">
<kw name="Navigate To Home Page and Click Cart Button" library="testSteps">
<kw name="Click Element" library="SeleniumLibrary">
<doc>Click the element identified by ``locator``.</doc>
<arguments>
<arg>xpath=//img[@class='_2xm1JU']</arg>
</arguments>
<msg timestamp="20210116 11:37:52.977" level="INFO">Clicking element 'xpath=//img[@class='_2xm1JU']'.</msg>
<status status="PASS" starttime="20210116 11:37:52.977" endtime="20210116 11:37:53.138"></status>
</kw>
<kw name="Sleep" library="BuiltIn">
<doc>Pauses the test executed for the given time.</doc>
<arguments>
<arg>5s</arg>
</arguments>
<msg timestamp="20210116 11:37:58.145" level="INFO">Slept 5 seconds</msg>
<status status="PASS" starttime="20210116 11:37:53.138" endtime="20210116 11:37:58.145"></status>
</kw>
<kw name="Click Element" library="SeleniumLibrary">
<doc>Click the element identified by ``locator``.</doc>
<arguments>
<arg>xpath=//a[@class='_3SkBxJ']</arg>
</arguments>
<msg timestamp="20210116 11:37:58.145" level="INFO">Clicking element 'xpath=//a[@class='_3SkBxJ']'.</msg>
<status status="PASS" starttime="20210116 11:37:58.145" endtime="20210116 11:37:58.281"></status>
</kw>
<kw name="Sleep" library="BuiltIn">
<doc>Pauses the test executed for the given time.</doc>
<arguments>
<arg>5s</arg>
</arguments>
<msg timestamp="20210116 11:38:03.289" level="INFO">Slept 5 seconds</msg>
<status status="PASS" starttime="20210116 11:37:58.281" endtime="20210116 11:38:03.289"></status>
</kw>
<kw name="Log To Console" library="BuiltIn">
<doc>Logs the given message to the console.</doc>
<arguments>
<arg>Step8</arg>
</arguments>
<status status="PASS" starttime="20210116 11:38:03.289" endtime="20210116 11:38:03.290"></status>
</kw>
<status status="PASS" starttime="20210116 11:37:52.977" endtime="20210116 11:38:03.291"></status>
</kw>
<kw name="Verify Item in the Cart" library="testSteps">
<kw name="Get Text" library="SeleniumLibrary">
<doc>Returns the text value of the element identified by ``locator``.</doc>
<arguments>
<arg>xpath=//div[@class='_2nQDXZ']/div[1]/div/a</arg>
</arguments>
<assign>
<var>${Item_name}</var>
</assign>
<msg timestamp="20210116 11:38:03.331" level="INFO">${Item_name} = Realme 80 cm (32 inch) HD Ready LED Smart Android TV</msg>
<status status="PASS" starttime="20210116 11:38:03.291" endtime="20210116 11:38:03.331"></status>
</kw>
<kw name="Run Keyword If" library="BuiltIn">
<doc>Runs the given keyword with the given arguments, if ``condition`` is true.</doc>
<arguments>
<arg>"${Product_Name}" == "${Item_name}"</arg>
<arg>Item Added Successfully</arg>
</arguments>
<kw name="Item Added Successfully" library="testSteps">
<kw name="Log To Console" library="BuiltIn">
<doc>Logs the given message to the console.</doc>
<arguments>
<arg>Pass!! "Device Successfully Added"</arg>
</arguments>
<status status="PASS" starttime="20210116 11:38:03.331" endtime="20210116 11:38:03.331"></status>
</kw>
<kw name="Close All Browsers" library="SeleniumLibrary">
<doc>Closes all open browsers and resets the browser cache.</doc>
<status status="PASS" starttime="20210116 11:38:03.335" endtime="20210116 11:38:05.619"></status>
</kw>
<status status="PASS" starttime="20210116 11:38:03.331" endtime="20210116 11:38:05.619"></status>
</kw>
<status status="PASS" starttime="20210116 11:38:03.331" endtime="20210116 11:38:05.619"></status>
</kw>
<kw name="Log To Console" library="BuiltIn">
<doc>Logs the given message to the console.</doc>
<arguments>
<arg>Step9</arg>
</arguments>
<status status="PASS" starttime="20210116 11:38:05.619" endtime="20210116 11:38:05.619"></status>
</kw>
<status status="PASS" starttime="20210116 11:38:03.291" endtime="20210116 11:38:05.626"></status>
</kw>
<status status="PASS" starttime="20210116 11:37:52.973" endtime="20210116 11:38:05.626" critical="yes"></status>
</test>
<status status="PASS" starttime="20210116 11:37:11.477" endtime="20210116 11:38:05.646"></status>
</suite>
<statistics>
<total>
<stat pass="3" fail="0">Critical Tests</stat>
<stat pass="3" fail="0">All Tests</stat>
</total>
<tag>
</tag>
<suite>
<stat pass="3" fail="0" id="s1" name="TestCases">TestCases</stat>
</suite>
</statistics>
<errors>
</errors>
</robot>
